<?xml version="1.0" encoding="UTF-8"?>
<testsuite xmlns:xsi="http://www.w3.org/2001/XMLSchema-instance" xsi:noNamespaceSchemaLocation="https://maven.apache.org/surefire/maven-surefire-plugin/xsd/surefire-test-report-3.0.xsd" version="3.0" name="com.itheima.test.UserMapperTest" time="0.062" tests="2" errors="2" skipped="0" failures="0">
  <properties>
    <property name="gopherProxySet" value="false"/>
    <property name="awt.toolkit" value="sun.lwawt.macosx.LWCToolkit"/>
    <property name="file.encoding.pkg" value="sun.io"/>
    <property name="java.specification.version" value="1.8"/>
    <property name="sun.cpu.isalist" value=""/>
    <property name="sun.jnu.encoding" value="UTF-8"/>
    <property name="java.class.path" value="/Users/fuhong/eclipse-workspace/Mybatis/mybatis-demo/target/test-classes:/Users/fuhong/eclipse-workspace/Mybatis/mybatis-demo/target/classes:/Users/fuhong/.m2/repository/org/mybatis/mybatis/3.5.5/mybatis-3.5.5.jar:/Users/fuhong/.m2/repository/mysql/mysql-connector-java/5.1.46/mysql-connector-java-5.1.46.jar:/Users/fuhong/.m2/repository/junit/junit/4.13/junit-4.13.jar:/Users/fuhong/.m2/repository/org/hamcrest/hamcrest-core/1.3/hamcrest-core-1.3.jar:/Users/fuhong/.m2/repository/org/slf4j/slf4j-api/1.7.20/slf4j-api-1.7.20.jar:/Users/fuhong/.m2/repository/ch/qos/logback/logback-classic/1.2.3/logback-classic-1.2.3.jar:/Users/fuhong/.m2/repository/ch/qos/logback/logback-core/1.2.3/logback-core-1.2.3.jar:/Users/fuhong/.m2/repository/com/h2database/h2/1.4.200/h2-1.4.200.jar:/Users/fuhong/.m2/repository/org/projectlombok/lombok/1.18.24/lombok-1.18.24.jar:"/>
    <property name="java.vm.vendor" value="Oracle Corporation"/>
    <property name="sun.arch.data.model" value="64"/>
    <property name="java.vendor.url" value="http://java.oracle.com/"/>
    <property name="user.timezone" value="Asia/Tokyo"/>
    <property name="java.vm.specification.version" value="1.8"/>
    <property name="os.name" value="Mac OS X"/>
    <property name="user.country" value="CN"/>
    <property name="sun.java.launcher" value="SUN_STANDARD"/>
    <property name="sun.boot.library.path" value="/Library/Java/JavaVirtualMachines/jdk1.8.0_202.jdk/Contents/Home/jre/lib"/>
    <property name="sun.java.command" value="/Users/fuhong/eclipse-workspace/Mybatis/mybatis-demo/target/surefire/surefirebooter-20230902200204847_3.jar /Users/fuhong/eclipse-workspace/Mybatis/mybatis-demo/target/surefire 2023-09-02T20-01-59_777-jvmRun1 surefire-20230902200204847_1tmp surefire_0-20230902200204847_2tmp"/>
    <property name="http.nonProxyHosts" value="local|*.local|169.254/16|*.169.254/16"/>
    <property name="surefire.test.class.path" value="/Users/fuhong/eclipse-workspace/Mybatis/mybatis-demo/target/test-classes:/Users/fuhong/eclipse-workspace/Mybatis/mybatis-demo/target/classes:/Users/fuhong/.m2/repository/org/mybatis/mybatis/3.5.5/mybatis-3.5.5.jar:/Users/fuhong/.m2/repository/mysql/mysql-connector-java/5.1.46/mysql-connector-java-5.1.46.jar:/Users/fuhong/.m2/repository/junit/junit/4.13/junit-4.13.jar:/Users/fuhong/.m2/repository/org/hamcrest/hamcrest-core/1.3/hamcrest-core-1.3.jar:/Users/fuhong/.m2/repository/org/slf4j/slf4j-api/1.7.20/slf4j-api-1.7.20.jar:/Users/fuhong/.m2/repository/ch/qos/logback/logback-classic/1.2.3/logback-classic-1.2.3.jar:/Users/fuhong/.m2/repository/ch/qos/logback/logback-core/1.2.3/logback-core-1.2.3.jar:/Users/fuhong/.m2/repository/com/h2database/h2/1.4.200/h2-1.4.200.jar:/Users/fuhong/.m2/repository/org/projectlombok/lombok/1.18.24/lombok-1.18.24.jar:"/>
    <property name="sun.cpu.endian" value="little"/>
    <property name="user.home" value="/Users/fuhong"/>
    <property name="user.language" value="zh"/>
    <property name="java.specification.vendor" value="Oracle Corporation"/>
    <property name="java.home" value="/Library/Java/JavaVirtualMachines/jdk1.8.0_202.jdk/Contents/Home/jre"/>
    <property name="basedir" value="/Users/fuhong/eclipse-workspace/Mybatis/mybatis-demo"/>
    <property name="style.color" value="always"/>
    <property name="file.separator" value="/"/>
    <property name="line.separator" value="&#10;"/>
    <property name="java.vm.specification.vendor" value="Oracle Corporation"/>
    <property name="java.specification.name" value="Java Platform API Specification"/>
    <property name="java.awt.graphicsenv" value="sun.awt.CGraphicsEnvironment"/>
    <property name="surefire.real.class.path" value="/Users/fuhong/eclipse-workspace/Mybatis/mybatis-demo/target/surefire/surefirebooter-20230902200204847_3.jar"/>
    <property name="sun.boot.class.path" value="/Library/Java/JavaVirtualMachines/jdk1.8.0_202.jdk/Contents/Home/jre/lib/resources.jar:/Library/Java/JavaVirtualMachines/jdk1.8.0_202.jdk/Contents/Home/jre/lib/rt.jar:/Library/Java/JavaVirtualMachines/jdk1.8.0_202.jdk/Contents/Home/jre/lib/sunrsasign.jar:/Library/Java/JavaVirtualMachines/jdk1.8.0_202.jdk/Contents/Home/jre/lib/jsse.jar:/Library/Java/JavaVirtualMachines/jdk1.8.0_202.jdk/Contents/Home/jre/lib/jce.jar:/Library/Java/JavaVirtualMachines/jdk1.8.0_202.jdk/Contents/Home/jre/lib/charsets.jar:/Library/Java/JavaVirtualMachines/jdk1.8.0_202.jdk/Contents/Home/jre/lib/jfr.jar:/Library/Java/JavaVirtualMachines/jdk1.8.0_202.jdk/Contents/Home/jre/classes"/>
    <property name="sun.management.compiler" value="HotSpot 64-Bit Tiered Compilers"/>
    <property name="ftp.nonProxyHosts" value="local|*.local|169.254/16|*.169.254/16"/>
    <property name="java.runtime.version" value="1.8.0_202-b08"/>
    <property name="user.name" value="fuhong"/>
    <property name="path.separator" value=":"/>
    <property name="os.version" value="10.12.6"/>
    <property name="java.endorsed.dirs" value="/Library/Java/JavaVirtualMachines/jdk1.8.0_202.jdk/Contents/Home/jre/lib/endorsed"/>
    <property name="java.runtime.name" value="Java(TM) SE Runtime Environment"/>
    <property name="file.encoding" value="UTF-8"/>
    <property name="java.vm.name" value="Java HotSpot(TM) 64-Bit Server VM"/>
    <property name="localRepository" value="/Users/fuhong/.m2/repository"/>
    <property name="java.vendor.url.bug" value="http://bugreport.sun.com/bugreport/"/>
    <property name="java.io.tmpdir" value="/var/folders/ym/g0yyyh1d2k99gg43lbqnlll00000gn/T/"/>
    <property name="java.version" value="1.8.0_202"/>
    <property name="user.dir" value="/Users/fuhong/eclipse-workspace/Mybatis/mybatis-demo"/>
    <property name="os.arch" value="x86_64"/>
    <property name="java.vm.specification.name" value="Java Virtual Machine Specification"/>
    <property name="java.awt.printerjob" value="sun.lwawt.macosx.CPrinterJob"/>
    <property name="sun.os.patch.level" value="unknown"/>
    <property name="java.library.path" value="/Users/fuhong/Library/Java/Extensions:/Library/Java/Extensions:/Network/Library/Java/Extensions:/System/Library/Java/Extensions:/usr/lib/java:."/>
    <property name="java.vm.info" value="mixed mode"/>
    <property name="java.vendor" value="Oracle Corporation"/>
    <property name="java.vm.version" value="25.202-b08"/>
    <property name="java.ext.dirs" value="/Users/fuhong/Library/Java/Extensions:/Library/Java/JavaVirtualMachines/jdk1.8.0_202.jdk/Contents/Home/jre/lib/ext:/Library/Java/Extensions:/Network/Library/Java/Extensions:/System/Library/Java/Extensions:/usr/lib/java"/>
    <property name="sun.io.unicode.encoding" value="UnicodeBig"/>
    <property name="java.class.version" value="52.0"/>
    <property name="socksNonProxyHosts" value="local|*.local|169.254/16|*.169.254/16"/>
  </properties>
  <testcase name="testSelect" classname="com.itheima.test.UserMapperTest" time="0.003">
    <error message="Type interface com.itheima.mapper.UserMapper is not known to the MapperRegistry." type="org.apache.ibatis.binding.BindingException"><![CDATA[org.apache.ibatis.binding.BindingException: Type interface com.itheima.mapper.UserMapper is not known to the MapperRegistry.
	at org.apache.ibatis.binding.MapperRegistry.getMapper(MapperRegistry.java:47)
	at org.apache.ibatis.session.Configuration.getMapper(Configuration.java:823)
	at org.apache.ibatis.session.defaults.DefaultSqlSession.getMapper(DefaultSqlSession.java:291)
	at com.itheima.test.UserMapperTest.testSelect(UserMapperTest.java:33)
	at sun.reflect.NativeMethodAccessorImpl.invoke0(Native Method)
	at sun.reflect.NativeMethodAccessorImpl.invoke(NativeMethodAccessorImpl.java:62)
	at sun.reflect.DelegatingMethodAccessorImpl.invoke(DelegatingMethodAccessorImpl.java:43)
	at java.lang.reflect.Method.invoke(Method.java:498)
	at org.junit.runners.model.FrameworkMethod$1.runReflectiveCall(FrameworkMethod.java:59)
	at org.junit.internal.runners.model.ReflectiveCallable.run(ReflectiveCallable.java:12)
	at org.junit.runners.model.FrameworkMethod.invokeExplosively(FrameworkMethod.java:56)
	at org.junit.internal.runners.statements.InvokeMethod.evaluate(InvokeMethod.java:17)
	at org.junit.runners.ParentRunner$3.evaluate(ParentRunner.java:306)
	at org.junit.runners.BlockJUnit4ClassRunner$1.evaluate(BlockJUnit4ClassRunner.java:100)
	at org.junit.runners.ParentRunner.runLeaf(ParentRunner.java:366)
	at org.junit.runners.BlockJUnit4ClassRunner.runChild(BlockJUnit4ClassRunner.java:103)
	at org.junit.runners.BlockJUnit4ClassRunner.runChild(BlockJUnit4ClassRunner.java:63)
	at org.junit.runners.ParentRunner$4.run(ParentRunner.java:331)
	at org.junit.runners.ParentRunner$1.schedule(ParentRunner.java:79)
	at org.junit.runners.ParentRunner.runChildren(ParentRunner.java:329)
	at org.junit.runners.ParentRunner.access$100(ParentRunner.java:66)
	at org.junit.runners.ParentRunner$2.evaluate(ParentRunner.java:293)
	at org.junit.runners.ParentRunner$3.evaluate(ParentRunner.java:306)
	at org.junit.runners.ParentRunner.run(ParentRunner.java:413)
	at org.apache.maven.surefire.junit4.JUnit4Provider.execute(JUnit4Provider.java:316)
	at org.apache.maven.surefire.junit4.JUnit4Provider.executeWithRerun(JUnit4Provider.java:240)
	at org.apache.maven.surefire.junit4.JUnit4Provider.executeTestSet(JUnit4Provider.java:214)
	at org.apache.maven.surefire.junit4.JUnit4Provider.invoke(JUnit4Provider.java:155)
	at org.apache.maven.surefire.booter.ForkedBooter.runSuitesInProcess(ForkedBooter.java:385)
	at org.apache.maven.surefire.booter.ForkedBooter.execute(ForkedBooter.java:162)
	at org.apache.maven.surefire.booter.ForkedBooter.run(ForkedBooter.java:507)
	at org.apache.maven.surefire.booter.ForkedBooter.main(ForkedBooter.java:495)
]]></error>
    <system-out><![CDATA[[DEBUG]  &amp#27;[36m[main]&amp#27;[0;39m &amp#27;[1;32mo.a.i.i.DefaultVFS&amp#27;[0;39m - Find JAR URL: file:/Users/fuhong/eclipse-workspace/Mybatis/mybatis-demo/target/classes/com/itheima/pojo 
[DEBUG]  &amp#27;[36m[main]&amp#27;[0;39m &amp#27;[1;32mo.a.i.i.DefaultVFS&amp#27;[0;39m - Not a JAR: file:/Users/fuhong/eclipse-workspace/Mybatis/mybatis-demo/target/classes/com/itheima/pojo 
[DEBUG]  &amp#27;[36m[main]&amp#27;[0;39m &amp#27;[1;32mo.a.i.i.DefaultVFS&amp#27;[0;39m - Reader entry: Brand.class 
[DEBUG]  &amp#27;[36m[main]&amp#27;[0;39m &amp#27;[1;32mo.a.i.i.DefaultVFS&amp#27;[0;39m - Reader entry: Test.class 
[DEBUG]  &amp#27;[36m[main]&amp#27;[0;39m &amp#27;[1;32mo.a.i.i.DefaultVFS&amp#27;[0;39m - Reader entry: User.class 
[DEBUG]  &amp#27;[36m[main]&amp#27;[0;39m &amp#27;[1;32mo.a.i.i.DefaultVFS&amp#27;[0;39m - Listing file:/Users/fuhong/eclipse-workspace/Mybatis/mybatis-demo/target/classes/com/itheima/pojo 
[DEBUG]  &amp#27;[36m[main]&amp#27;[0;39m &amp#27;[1;32mo.a.i.i.DefaultVFS&amp#27;[0;39m - Find JAR URL: file:/Users/fuhong/eclipse-workspace/Mybatis/mybatis-demo/target/classes/com/itheima/pojo/Brand.class 
[DEBUG]  &amp#27;[36m[main]&amp#27;[0;39m &amp#27;[1;32mo.a.i.i.DefaultVFS&amp#27;[0;39m - Not a JAR: file:/Users/fuhong/eclipse-workspace/Mybatis/mybatis-demo/target/classes/com/itheima/pojo/Brand.class 
[DEBUG]  &amp#27;[36m[main]&amp#27;[0;39m &amp#27;[1;32mo.a.i.i.DefaultVFS&amp#27;[0;39m - Reader entry: ����&amp#0;&amp#0;&amp#0;4&amp#0;P 
[DEBUG]  &amp#27;[36m[main]&amp#27;[0;39m &amp#27;[1;32mo.a.i.i.DefaultVFS&amp#27;[0;39m - Find JAR URL: file:/Users/fuhong/eclipse-workspace/Mybatis/mybatis-demo/target/classes/com/itheima/pojo/Test.class 
[DEBUG]  &amp#27;[36m[main]&amp#27;[0;39m &amp#27;[1;32mo.a.i.i.DefaultVFS&amp#27;[0;39m - Not a JAR: file:/Users/fuhong/eclipse-workspace/Mybatis/mybatis-demo/target/classes/com/itheima/pojo/Test.class 
[DEBUG]  &amp#27;[36m[main]&amp#27;[0;39m &amp#27;[1;32mo.a.i.i.DefaultVFS&amp#27;[0;39m - Reader entry: ����&amp#0;&amp#0;&amp#0;4&amp#0;P 
[DEBUG]  &amp#27;[36m[main]&amp#27;[0;39m &amp#27;[1;32mo.a.i.i.DefaultVFS&amp#27;[0;39m - Find JAR URL: file:/Users/fuhong/eclipse-workspace/Mybatis/mybatis-demo/target/classes/com/itheima/pojo/User.class 
[DEBUG]  &amp#27;[36m[main]&amp#27;[0;39m &amp#27;[1;32mo.a.i.i.DefaultVFS&amp#27;[0;39m - Not a JAR: file:/Users/fuhong/eclipse-workspace/Mybatis/mybatis-demo/target/classes/com/itheima/pojo/User.class 
[DEBUG]  &amp#27;[36m[main]&amp#27;[0;39m &amp#27;[1;32mo.a.i.i.DefaultVFS&amp#27;[0;39m - Reader entry: ����&amp#0;&amp#0;&amp#0;4&amp#0;I 
[DEBUG]  &amp#27;[36m[main]&amp#27;[0;39m &amp#27;[1;32mo.a.i.i.ResolverUtil&amp#27;[0;39m - Checking to see if class com.itheima.pojo.Brand matches criteria [is assignable to Object] 
[DEBUG]  &amp#27;[36m[main]&amp#27;[0;39m &amp#27;[1;32mo.a.i.i.ResolverUtil&amp#27;[0;39m - Checking to see if class com.itheima.pojo.Test matches criteria [is assignable to Object] 
[DEBUG]  &amp#27;[36m[main]&amp#27;[0;39m &amp#27;[1;32mo.a.i.i.ResolverUtil&amp#27;[0;39m - Checking to see if class com.itheima.pojo.User matches criteria [is assignable to Object] 
[DEBUG]  &amp#27;[36m[main]&amp#27;[0;39m &amp#27;[1;32mo.a.i.d.p.PooledDataSource&amp#27;[0;39m - PooledDataSource forcefully closed/removed all connections. 
[DEBUG]  &amp#27;[36m[main]&amp#27;[0;39m &amp#27;[1;32mo.a.i.d.p.PooledDataSource&amp#27;[0;39m - PooledDataSource forcefully closed/removed all connections. 
[DEBUG]  &amp#27;[36m[main]&amp#27;[0;39m &amp#27;[1;32mo.a.i.d.p.PooledDataSource&amp#27;[0;39m - PooledDataSource forcefully closed/removed all connections. 
[DEBUG]  &amp#27;[36m[main]&amp#27;[0;39m &amp#27;[1;32mo.a.i.d.p.PooledDataSource&amp#27;[0;39m - PooledDataSource forcefully closed/removed all connections. 
[DEBUG]  &amp#27;[36m[main]&amp#27;[0;39m &amp#27;[1;32mo.a.i.i.DefaultVFS&amp#27;[0;39m - Find JAR URL: file:/Users/fuhong/eclipse-workspace/Mybatis/mybatis-demo/target/classes/com/itheima/h2mapper 
[DEBUG]  &amp#27;[36m[main]&amp#27;[0;39m &amp#27;[1;32mo.a.i.i.DefaultVFS&amp#27;[0;39m - Not a JAR: file:/Users/fuhong/eclipse-workspace/Mybatis/mybatis-demo/target/classes/com/itheima/h2mapper 
[DEBUG]  &amp#27;[36m[main]&amp#27;[0;39m &amp#27;[1;32mo.a.i.i.DefaultVFS&amp#27;[0;39m - Reader entry: ComponentMapper.class 
[DEBUG]  &amp#27;[36m[main]&amp#27;[0;39m &amp#27;[1;32mo.a.i.i.DefaultVFS&amp#27;[0;39m - Listing file:/Users/fuhong/eclipse-workspace/Mybatis/mybatis-demo/target/classes/com/itheima/h2mapper 
[DEBUG]  &amp#27;[36m[main]&amp#27;[0;39m &amp#27;[1;32mo.a.i.i.DefaultVFS&amp#27;[0;39m - Find JAR URL: file:/Users/fuhong/eclipse-workspace/Mybatis/mybatis-demo/target/classes/com/itheima/h2mapper/ComponentMapper.class 
[DEBUG]  &amp#27;[36m[main]&amp#27;[0;39m &amp#27;[1;32mo.a.i.i.DefaultVFS&amp#27;[0;39m - Not a JAR: file:/Users/fuhong/eclipse-workspace/Mybatis/mybatis-demo/target/classes/com/itheima/h2mapper/ComponentMapper.class 
[DEBUG]  &amp#27;[36m[main]&amp#27;[0;39m &amp#27;[1;32mo.a.i.i.DefaultVFS&amp#27;[0;39m - Reader entry: ����&amp#0;&amp#0;&amp#0;4&amp#0;&amp#11;&amp#7;&amp#0;	&amp#7;&amp#0; 
[DEBUG]  &amp#27;[36m[main]&amp#27;[0;39m &amp#27;[1;32mo.a.i.i.ResolverUtil&amp#27;[0;39m - Checking to see if class com.itheima.h2mapper.ComponentMapper matches criteria [is assignable to Object] 
]]></system-out>
  </testcase>
  <testcase name="testSelectById" classname="com.itheima.test.UserMapperTest" time="0.051">
    <error message="Type interface com.itheima.mapper.UserMapper is not known to the MapperRegistry." type="org.apache.ibatis.binding.BindingException"><![CDATA[org.apache.ibatis.binding.BindingException: Type interface com.itheima.mapper.UserMapper is not known to the MapperRegistry.
	at org.apache.ibatis.binding.MapperRegistry.getMapper(MapperRegistry.java:47)
	at org.apache.ibatis.session.Configuration.getMapper(Configuration.java:823)
	at org.apache.ibatis.session.defaults.DefaultSqlSession.getMapper(DefaultSqlSession.java:291)
	at com.itheima.test.UserMapperTest.testSelectById(UserMapperTest.java:61)
	at sun.reflect.NativeMethodAccessorImpl.invoke0(Native Method)
	at sun.reflect.NativeMethodAccessorImpl.invoke(NativeMethodAccessorImpl.java:62)
	at sun.reflect.DelegatingMethodAccessorImpl.invoke(DelegatingMethodAccessorImpl.java:43)
	at java.lang.reflect.Method.invoke(Method.java:498)
	at org.junit.runners.model.FrameworkMethod$1.runReflectiveCall(FrameworkMethod.java:59)
	at org.junit.internal.runners.model.ReflectiveCallable.run(ReflectiveCallable.java:12)
	at org.junit.runners.model.FrameworkMethod.invokeExplosively(FrameworkMethod.java:56)
	at org.junit.internal.runners.statements.InvokeMethod.evaluate(InvokeMethod.java:17)
	at org.junit.runners.ParentRunner$3.evaluate(ParentRunner.java:306)
	at org.junit.runners.BlockJUnit4ClassRunner$1.evaluate(BlockJUnit4ClassRunner.java:100)
	at org.junit.runners.ParentRunner.runLeaf(ParentRunner.java:366)
	at org.junit.runners.BlockJUnit4ClassRunner.runChild(BlockJUnit4ClassRunner.java:103)
	at org.junit.runners.BlockJUnit4ClassRunner.runChild(BlockJUnit4ClassRunner.java:63)
	at org.junit.runners.ParentRunner$4.run(ParentRunner.java:331)
	at org.junit.runners.ParentRunner$1.schedule(ParentRunner.java:79)
	at org.junit.runners.ParentRunner.runChildren(ParentRunner.java:329)
	at org.junit.runners.ParentRunner.access$100(ParentRunner.java:66)
	at org.junit.runners.ParentRunner$2.evaluate(ParentRunner.java:293)
	at org.junit.runners.ParentRunner$3.evaluate(ParentRunner.java:306)
	at org.junit.runners.ParentRunner.run(ParentRunner.java:413)
	at org.apache.maven.surefire.junit4.JUnit4Provider.execute(JUnit4Provider.java:316)
	at org.apache.maven.surefire.junit4.JUnit4Provider.executeWithRerun(JUnit4Provider.java:240)
	at org.apache.maven.surefire.junit4.JUnit4Provider.executeTestSet(JUnit4Provider.java:214)
	at org.apache.maven.surefire.junit4.JUnit4Provider.invoke(JUnit4Provider.java:155)
	at org.apache.maven.surefire.booter.ForkedBooter.runSuitesInProcess(ForkedBooter.java:385)
	at org.apache.maven.surefire.booter.ForkedBooter.execute(ForkedBooter.java:162)
	at org.apache.maven.surefire.booter.ForkedBooter.run(ForkedBooter.java:507)
	at org.apache.maven.surefire.booter.ForkedBooter.main(ForkedBooter.java:495)
]]></error>
    <system-out><![CDATA[[DEBUG]  &amp#27;[36m[main]&amp#27;[0;39m &amp#27;[1;32mo.a.i.i.DefaultVFS&amp#27;[0;39m - Find JAR URL: file:/Users/fuhong/eclipse-workspace/Mybatis/mybatis-demo/target/classes/com/itheima/pojo 
[DEBUG]  &amp#27;[36m[main]&amp#27;[0;39m &amp#27;[1;32mo.a.i.i.DefaultVFS&amp#27;[0;39m - Not a JAR: file:/Users/fuhong/eclipse-workspace/Mybatis/mybatis-demo/target/classes/com/itheima/pojo 
[DEBUG]  &amp#27;[36m[main]&amp#27;[0;39m &amp#27;[1;32mo.a.i.i.DefaultVFS&amp#27;[0;39m - Reader entry: Brand.class 
[DEBUG]  &amp#27;[36m[main]&amp#27;[0;39m &amp#27;[1;32mo.a.i.i.DefaultVFS&amp#27;[0;39m - Reader entry: Test.class 
[DEBUG]  &amp#27;[36m[main]&amp#27;[0;39m &amp#27;[1;32mo.a.i.i.DefaultVFS&amp#27;[0;39m - Reader entry: User.class 
[DEBUG]  &amp#27;[36m[main]&amp#27;[0;39m &amp#27;[1;32mo.a.i.i.DefaultVFS&amp#27;[0;39m - Listing file:/Users/fuhong/eclipse-workspace/Mybatis/mybatis-demo/target/classes/com/itheima/pojo 
[DEBUG]  &amp#27;[36m[main]&amp#27;[0;39m &amp#27;[1;32mo.a.i.i.DefaultVFS&amp#27;[0;39m - Find JAR URL: file:/Users/fuhong/eclipse-workspace/Mybatis/mybatis-demo/target/classes/com/itheima/pojo/Brand.class 
[DEBUG]  &amp#27;[36m[main]&amp#27;[0;39m &amp#27;[1;32mo.a.i.i.DefaultVFS&amp#27;[0;39m - Not a JAR: file:/Users/fuhong/eclipse-workspace/Mybatis/mybatis-demo/target/classes/com/itheima/pojo/Brand.class 
[DEBUG]  &amp#27;[36m[main]&amp#27;[0;39m &amp#27;[1;32mo.a.i.i.DefaultVFS&amp#27;[0;39m - Reader entry: ����&amp#0;&amp#0;&amp#0;4&amp#0;P 
[DEBUG]  &amp#27;[36m[main]&amp#27;[0;39m &amp#27;[1;32mo.a.i.i.DefaultVFS&amp#27;[0;39m - Find JAR URL: file:/Users/fuhong/eclipse-workspace/Mybatis/mybatis-demo/target/classes/com/itheima/pojo/Test.class 
[DEBUG]  &amp#27;[36m[main]&amp#27;[0;39m &amp#27;[1;32mo.a.i.i.DefaultVFS&amp#27;[0;39m - Not a JAR: file:/Users/fuhong/eclipse-workspace/Mybatis/mybatis-demo/target/classes/com/itheima/pojo/Test.class 
[DEBUG]  &amp#27;[36m[main]&amp#27;[0;39m &amp#27;[1;32mo.a.i.i.DefaultVFS&amp#27;[0;39m - Reader entry: ����&amp#0;&amp#0;&amp#0;4&amp#0;P 
[DEBUG]  &amp#27;[36m[main]&amp#27;[0;39m &amp#27;[1;32mo.a.i.i.DefaultVFS&amp#27;[0;39m - Find JAR URL: file:/Users/fuhong/eclipse-workspace/Mybatis/mybatis-demo/target/classes/com/itheima/pojo/User.class 
[DEBUG]  &amp#27;[36m[main]&amp#27;[0;39m &amp#27;[1;32mo.a.i.i.DefaultVFS&amp#27;[0;39m - Not a JAR: file:/Users/fuhong/eclipse-workspace/Mybatis/mybatis-demo/target/classes/com/itheima/pojo/User.class 
[DEBUG]  &amp#27;[36m[main]&amp#27;[0;39m &amp#27;[1;32mo.a.i.i.DefaultVFS&amp#27;[0;39m - Reader entry: ����&amp#0;&amp#0;&amp#0;4&amp#0;I 
[DEBUG]  &amp#27;[36m[main]&amp#27;[0;39m &amp#27;[1;32mo.a.i.i.ResolverUtil&amp#27;[0;39m - Checking to see if class com.itheima.pojo.Brand matches criteria [is assignable to Object] 
[DEBUG]  &amp#27;[36m[main]&amp#27;[0;39m &amp#27;[1;32mo.a.i.i.ResolverUtil&amp#27;[0;39m - Checking to see if class com.itheima.pojo.Test matches criteria [is assignable to Object] 
[DEBUG]  &amp#27;[36m[main]&amp#27;[0;39m &amp#27;[1;32mo.a.i.i.ResolverUtil&amp#27;[0;39m - Checking to see if class com.itheima.pojo.User matches criteria [is assignable to Object] 
[DEBUG]  &amp#27;[36m[main]&amp#27;[0;39m &amp#27;[1;32mo.a.i.d.p.PooledDataSource&amp#27;[0;39m - PooledDataSource forcefully closed/removed all connections. 
[DEBUG]  &amp#27;[36m[main]&amp#27;[0;39m &amp#27;[1;32mo.a.i.d.p.PooledDataSource&amp#27;[0;39m - PooledDataSource forcefully closed/removed all connections. 
[DEBUG]  &amp#27;[36m[main]&amp#27;[0;39m &amp#27;[1;32mo.a.i.d.p.PooledDataSource&amp#27;[0;39m - PooledDataSource forcefully closed/removed all connections. 
[DEBUG]  &amp#27;[36m[main]&amp#27;[0;39m &amp#27;[1;32mo.a.i.d.p.PooledDataSource&amp#27;[0;39m - PooledDataSource forcefully closed/removed all connections. 
[DEBUG]  &amp#27;[36m[main]&amp#27;[0;39m &amp#27;[1;32mo.a.i.i.DefaultVFS&amp#27;[0;39m - Find JAR URL: file:/Users/fuhong/eclipse-workspace/Mybatis/mybatis-demo/target/classes/com/itheima/h2mapper 
[DEBUG]  &amp#27;[36m[main]&amp#27;[0;39m &amp#27;[1;32mo.a.i.i.DefaultVFS&amp#27;[0;39m - Not a JAR: file:/Users/fuhong/eclipse-workspace/Mybatis/mybatis-demo/target/classes/com/itheima/h2mapper 
[DEBUG]  &amp#27;[36m[main]&amp#27;[0;39m &amp#27;[1;32mo.a.i.i.DefaultVFS&amp#27;[0;39m - Reader entry: ComponentMapper.class 
[DEBUG]  &amp#27;[36m[main]&amp#27;[0;39m &amp#27;[1;32mo.a.i.i.DefaultVFS&amp#27;[0;39m - Listing file:/Users/fuhong/eclipse-workspace/Mybatis/mybatis-demo/target/classes/com/itheima/h2mapper 
[DEBUG]  &amp#27;[36m[main]&amp#27;[0;39m &amp#27;[1;32mo.a.i.i.DefaultVFS&amp#27;[0;39m - Find JAR URL: file:/Users/fuhong/eclipse-workspace/Mybatis/mybatis-demo/target/classes/com/itheima/h2mapper/ComponentMapper.class 
[DEBUG]  &amp#27;[36m[main]&amp#27;[0;39m &amp#27;[1;32mo.a.i.i.DefaultVFS&amp#27;[0;39m - Not a JAR: file:/Users/fuhong/eclipse-workspace/Mybatis/mybatis-demo/target/classes/com/itheima/h2mapper/ComponentMapper.class 
[DEBUG]  &amp#27;[36m[main]&amp#27;[0;39m &amp#27;[1;32mo.a.i.i.DefaultVFS&amp#27;[0;39m - Reader entry: ����&amp#0;&amp#0;&amp#0;4&amp#0;&amp#11;&amp#7;&amp#0;	&amp#7;&amp#0; 
[DEBUG]  &amp#27;[36m[main]&amp#27;[0;39m &amp#27;[1;32mo.a.i.i.ResolverUtil&amp#27;[0;39m - Checking to see if class com.itheima.h2mapper.ComponentMapper matches criteria [is assignable to Object] 
]]></system-out>
  </testcase>
</testsuite>