<?xml version="1.0" encoding="UTF-8"?>
<testsuite xmlns:xsi="http://www.w3.org/2001/XMLSchema-instance" xsi:noNamespaceSchemaLocation="https://maven.apache.org/surefire/maven-surefire-plugin/xsd/surefire-test-report-3.0.xsd" version="3.0" name="com.itheima.test.UserMapperTest" time="0.082" tests="2" errors="1" skipped="0" failures="0">
  <properties>
    <property name="java.specification.version" value="17"/>
    <property name="sun.jnu.encoding" value="UTF-8"/>
    <property name="java.class.path" value="/Users/fuhong/eclipse-workspace/testMybatis/target/test-classes:/Users/fuhong/eclipse-workspace/testMybatis/target/classes:/Users/fuhong/.m2/repository/org/mybatis/mybatis/3.5.11/mybatis-3.5.11.jar:/Users/fuhong/.m2/repository/mysql/mysql-connector-java/5.1.46/mysql-connector-java-5.1.46.jar:/Users/fuhong/.m2/repository/junit/junit/4.13/junit-4.13.jar:/Users/fuhong/.m2/repository/org/hamcrest/hamcrest-core/1.3/hamcrest-core-1.3.jar:/Users/fuhong/.m2/repository/org/slf4j/slf4j-api/1.7.20/slf4j-api-1.7.20.jar:/Users/fuhong/.m2/repository/ch/qos/logback/logback-classic/1.2.3/logback-classic-1.2.3.jar:/Users/fuhong/.m2/repository/ch/qos/logback/logback-core/1.2.3/logback-core-1.2.3.jar:/Users/fuhong/.m2/repository/org/projectlombok/lombok/1.18.20/lombok-1.18.20.jar:"/>
    <property name="java.vm.vendor" value="Oracle Corporation"/>
    <property name="sun.arch.data.model" value="64"/>
    <property name="java.vendor.url" value="https://java.oracle.com/"/>
    <property name="user.timezone" value="Asia/Tokyo"/>
    <property name="os.name" value="Mac OS X"/>
    <property name="java.vm.specification.version" value="17"/>
    <property name="sun.java.launcher" value="SUN_STANDARD"/>
    <property name="user.country" value="CN"/>
    <property name="sun.boot.library.path" value="/Library/Java/JavaVirtualMachines/jdk-17.jdk/Contents/Home/lib"/>
    <property name="sun.java.command" value="/Users/fuhong/eclipse-workspace/testMybatis/target/surefire/surefirebooter-20230702071206806_3.jar /Users/fuhong/eclipse-workspace/testMybatis/target/surefire 2023-07-02T07-12-06_505-jvmRun1 surefire-20230702071206806_1tmp surefire_0-20230702071206806_2tmp"/>
    <property name="http.nonProxyHosts" value="local|*.local|169.254/16|*.169.254/16"/>
    <property name="jdk.debug" value="release"/>
    <property name="surefire.test.class.path" value="/Users/fuhong/eclipse-workspace/testMybatis/target/test-classes:/Users/fuhong/eclipse-workspace/testMybatis/target/classes:/Users/fuhong/.m2/repository/org/mybatis/mybatis/3.5.11/mybatis-3.5.11.jar:/Users/fuhong/.m2/repository/mysql/mysql-connector-java/5.1.46/mysql-connector-java-5.1.46.jar:/Users/fuhong/.m2/repository/junit/junit/4.13/junit-4.13.jar:/Users/fuhong/.m2/repository/org/hamcrest/hamcrest-core/1.3/hamcrest-core-1.3.jar:/Users/fuhong/.m2/repository/org/slf4j/slf4j-api/1.7.20/slf4j-api-1.7.20.jar:/Users/fuhong/.m2/repository/ch/qos/logback/logback-classic/1.2.3/logback-classic-1.2.3.jar:/Users/fuhong/.m2/repository/ch/qos/logback/logback-core/1.2.3/logback-core-1.2.3.jar:/Users/fuhong/.m2/repository/org/projectlombok/lombok/1.18.20/lombok-1.18.20.jar:"/>
    <property name="sun.cpu.endian" value="little"/>
    <property name="user.home" value="/Users/fuhong"/>
    <property name="user.language" value="zh"/>
    <property name="java.specification.vendor" value="Oracle Corporation"/>
    <property name="java.version.date" value="2023-04-18"/>
    <property name="java.home" value="/Library/Java/JavaVirtualMachines/jdk-17.jdk/Contents/Home"/>
    <property name="file.separator" value="/"/>
    <property name="basedir" value="/Users/fuhong/eclipse-workspace/testMybatis"/>
    <property name="java.vm.compressedOopsMode" value="Zero based"/>
    <property name="line.separator" value="&#10;"/>
    <property name="java.specification.name" value="Java Platform API Specification"/>
    <property name="java.vm.specification.vendor" value="Oracle Corporation"/>
    <property name="surefire.real.class.path" value="/Users/fuhong/eclipse-workspace/testMybatis/target/surefire/surefirebooter-20230702071206806_3.jar"/>
    <property name="user.script" value="Hans"/>
    <property name="sun.management.compiler" value="HotSpot 64-Bit Tiered Compilers"/>
    <property name="ftp.nonProxyHosts" value="local|*.local|169.254/16|*.169.254/16"/>
    <property name="java.runtime.version" value="17.0.7+8-LTS-224"/>
    <property name="user.name" value="fuhong"/>
    <property name="path.separator" value=":"/>
    <property name="os.version" value="10.12.6"/>
    <property name="java.runtime.name" value="Java(TM) SE Runtime Environment"/>
    <property name="file.encoding" value="UTF-8"/>
    <property name="java.vm.name" value="Java HotSpot(TM) 64-Bit Server VM"/>
    <property name="localRepository" value="/Users/fuhong/.m2/repository"/>
    <property name="java.vendor.url.bug" value="https://bugreport.java.com/bugreport/"/>
    <property name="java.io.tmpdir" value="/var/folders/ym/g0yyyh1d2k99gg43lbqnlll00000gn/T/"/>
    <property name="java.version" value="17.0.7"/>
    <property name="user.dir" value="/Users/fuhong/eclipse-workspace/testMybatis"/>
    <property name="os.arch" value="x86_64"/>
    <property name="java.vm.specification.name" value="Java Virtual Machine Specification"/>
    <property name="native.encoding" value="UTF-8"/>
    <property name="java.library.path" value="/Users/fuhong/Library/Java/Extensions:/Library/Java/Extensions:/Network/Library/Java/Extensions:/System/Library/Java/Extensions:/usr/lib/java:."/>
    <property name="java.vm.info" value="mixed mode, sharing"/>
    <property name="java.vendor" value="Oracle Corporation"/>
    <property name="java.vm.version" value="17.0.7+8-LTS-224"/>
    <property name="sun.io.unicode.encoding" value="UnicodeBig"/>
    <property name="socksNonProxyHosts" value="local|*.local|169.254/16|*.169.254/16"/>
    <property name="java.class.version" value="61.0"/>
  </properties>
  <testcase name="testSelect" classname="com.itheima.test.UserMapperTest" time="0.023">
    <system-out><![CDATA[[DEBUG]  &amp#27;[36m[main]&amp#27;[0;39m &amp#27;[1;32mo.a.i.i.DefaultVFS&amp#27;[0;39m - Find JAR URL: file:/Users/fuhong/eclipse-workspace/testMybatis/target/classes/com/itheima/pojo 
[DEBUG]  &amp#27;[36m[main]&amp#27;[0;39m &amp#27;[1;32mo.a.i.i.DefaultVFS&amp#27;[0;39m - Not a JAR: file:/Users/fuhong/eclipse-workspace/testMybatis/target/classes/com/itheima/pojo 
[DEBUG]  &amp#27;[36m[main]&amp#27;[0;39m &amp#27;[1;32mo.a.i.i.DefaultVFS&amp#27;[0;39m - Reader entry: Brand.class 
[DEBUG]  &amp#27;[36m[main]&amp#27;[0;39m &amp#27;[1;32mo.a.i.i.DefaultVFS&amp#27;[0;39m - Reader entry: User.class 
[DEBUG]  &amp#27;[36m[main]&amp#27;[0;39m &amp#27;[1;32mo.a.i.i.DefaultVFS&amp#27;[0;39m - Listing file:/Users/fuhong/eclipse-workspace/testMybatis/target/classes/com/itheima/pojo 
[DEBUG]  &amp#27;[36m[main]&amp#27;[0;39m &amp#27;[1;32mo.a.i.i.DefaultVFS&amp#27;[0;39m - Find JAR URL: file:/Users/fuhong/eclipse-workspace/testMybatis/target/classes/com/itheima/pojo/Brand.class 
[DEBUG]  &amp#27;[36m[main]&amp#27;[0;39m &amp#27;[1;32mo.a.i.i.DefaultVFS&amp#27;[0;39m - Not a JAR: file:/Users/fuhong/eclipse-workspace/testMybatis/target/classes/com/itheima/pojo/Brand.class 
[DEBUG]  &amp#27;[36m[main]&amp#27;[0;39m &amp#27;[1;32mo.a.i.i.DefaultVFS&amp#27;[0;39m - Reader entry: ����&amp#0;&amp#0;&amp#0;3&amp#0;P 
[DEBUG]  &amp#27;[36m[main]&amp#27;[0;39m &amp#27;[1;32mo.a.i.i.DefaultVFS&amp#27;[0;39m - Find JAR URL: file:/Users/fuhong/eclipse-workspace/testMybatis/target/classes/com/itheima/pojo/User.class 
[DEBUG]  &amp#27;[36m[main]&amp#27;[0;39m &amp#27;[1;32mo.a.i.i.DefaultVFS&amp#27;[0;39m - Not a JAR: file:/Users/fuhong/eclipse-workspace/testMybatis/target/classes/com/itheima/pojo/User.class 
[DEBUG]  &amp#27;[36m[main]&amp#27;[0;39m &amp#27;[1;32mo.a.i.i.DefaultVFS&amp#27;[0;39m - Reader entry: ����&amp#0;&amp#0;&amp#0;3&amp#0;% 
[DEBUG]  &amp#27;[36m[main]&amp#27;[0;39m &amp#27;[1;32mo.a.i.i.ResolverUtil&amp#27;[0;39m - Checking to see if class com.itheima.pojo.Brand matches criteria [is assignable to Object] 
[DEBUG]  &amp#27;[36m[main]&amp#27;[0;39m &amp#27;[1;32mo.a.i.i.ResolverUtil&amp#27;[0;39m - Checking to see if class com.itheima.pojo.User matches criteria [is assignable to Object] 
[DEBUG]  &amp#27;[36m[main]&amp#27;[0;39m &amp#27;[1;32mo.a.i.d.p.PooledDataSource&amp#27;[0;39m - PooledDataSource forcefully closed/removed all connections. 
[DEBUG]  &amp#27;[36m[main]&amp#27;[0;39m &amp#27;[1;32mo.a.i.d.p.PooledDataSource&amp#27;[0;39m - PooledDataSource forcefully closed/removed all connections. 
[DEBUG]  &amp#27;[36m[main]&amp#27;[0;39m &amp#27;[1;32mo.a.i.d.p.PooledDataSource&amp#27;[0;39m - PooledDataSource forcefully closed/removed all connections. 
[DEBUG]  &amp#27;[36m[main]&amp#27;[0;39m &amp#27;[1;32mo.a.i.d.p.PooledDataSource&amp#27;[0;39m - PooledDataSource forcefully closed/removed all connections. 
[DEBUG]  &amp#27;[36m[main]&amp#27;[0;39m &amp#27;[1;32mo.a.i.i.DefaultVFS&amp#27;[0;39m - Find JAR URL: file:/Users/fuhong/eclipse-workspace/testMybatis/target/classes/com/itheima/mapper 
[DEBUG]  &amp#27;[36m[main]&amp#27;[0;39m &amp#27;[1;32mo.a.i.i.DefaultVFS&amp#27;[0;39m - Not a JAR: file:/Users/fuhong/eclipse-workspace/testMybatis/target/classes/com/itheima/mapper 
[DEBUG]  &amp#27;[36m[main]&amp#27;[0;39m &amp#27;[1;32mo.a.i.i.DefaultVFS&amp#27;[0;39m - Reader entry: BrandMapper.class 
[DEBUG]  &amp#27;[36m[main]&amp#27;[0;39m &amp#27;[1;32mo.a.i.i.DefaultVFS&amp#27;[0;39m - Reader entry: BrandMapper.xml 
[DEBUG]  &amp#27;[36m[main]&amp#27;[0;39m &amp#27;[1;32mo.a.i.i.DefaultVFS&amp#27;[0;39m - Reader entry: UserMapper.class 
[DEBUG]  &amp#27;[36m[main]&amp#27;[0;39m &amp#27;[1;32mo.a.i.i.DefaultVFS&amp#27;[0;39m - Reader entry: UserMapper.xml 
[DEBUG]  &amp#27;[36m[main]&amp#27;[0;39m &amp#27;[1;32mo.a.i.i.DefaultVFS&amp#27;[0;39m - Listing file:/Users/fuhong/eclipse-workspace/testMybatis/target/classes/com/itheima/mapper 
[DEBUG]  &amp#27;[36m[main]&amp#27;[0;39m &amp#27;[1;32mo.a.i.i.DefaultVFS&amp#27;[0;39m - Find JAR URL: file:/Users/fuhong/eclipse-workspace/testMybatis/target/classes/com/itheima/mapper/BrandMapper.class 
[DEBUG]  &amp#27;[36m[main]&amp#27;[0;39m &amp#27;[1;32mo.a.i.i.DefaultVFS&amp#27;[0;39m - Not a JAR: file:/Users/fuhong/eclipse-workspace/testMybatis/target/classes/com/itheima/mapper/BrandMapper.class 
[DEBUG]  &amp#27;[36m[main]&amp#27;[0;39m &amp#27;[1;32mo.a.i.i.DefaultVFS&amp#27;[0;39m - Reader entry: ����&amp#0;&amp#0;&amp#0;3&amp#0;&amp#27;&amp#7;&amp#0;&amp#2;&amp#1;&amp#0;&amp#30;com/itheima/mapper/BrandMapper&amp#7;&amp#0;&amp#4;&amp#1;&amp#0;&amp#16;java/lang/Object&amp#1;&amp#0;	selectAll&amp#1;&amp#0;&amp#18;()Ljava/util/List;&amp#1;&amp#0;	Signature&amp#1;&amp#0;,()Ljava/util/List<Lcom/itheima/pojo/Brand;>;&amp#1;&amp#0; 
[DEBUG]  &amp#27;[36m[main]&amp#27;[0;39m &amp#27;[1;32mo.a.i.i.DefaultVFS&amp#27;[0;39m - Find JAR URL: file:/Users/fuhong/eclipse-workspace/testMybatis/target/classes/com/itheima/mapper/BrandMapper.xml 
[DEBUG]  &amp#27;[36m[main]&amp#27;[0;39m &amp#27;[1;32mo.a.i.i.DefaultVFS&amp#27;[0;39m - Not a JAR: file:/Users/fuhong/eclipse-workspace/testMybatis/target/classes/com/itheima/mapper/BrandMapper.xml 
[DEBUG]  &amp#27;[36m[main]&amp#27;[0;39m &amp#27;[1;32mo.a.i.i.DefaultVFS&amp#27;[0;39m - Reader entry: <?xml version="1.0" encoding="UTF-8" ?> 
[DEBUG]  &amp#27;[36m[main]&amp#27;[0;39m &amp#27;[1;32mo.a.i.i.DefaultVFS&amp#27;[0;39m - Find JAR URL: file:/Users/fuhong/eclipse-workspace/testMybatis/target/classes/com/itheima/mapper/UserMapper.class 
[DEBUG]  &amp#27;[36m[main]&amp#27;[0;39m &amp#27;[1;32mo.a.i.i.DefaultVFS&amp#27;[0;39m - Not a JAR: file:/Users/fuhong/eclipse-workspace/testMybatis/target/classes/com/itheima/mapper/UserMapper.class 
[DEBUG]  &amp#27;[36m[main]&amp#27;[0;39m &amp#27;[1;32mo.a.i.i.DefaultVFS&amp#27;[0;39m - Reader entry: ����&amp#0;&amp#0;&amp#0;3&amp#0;&amp#17;&amp#7;&amp#0;&amp#2;&amp#1;&amp#0;&amp#29;com/itheima/mapper/UserMapper&amp#7;&amp#0;&amp#4;&amp#1;&amp#0;&amp#16;java/lang/Object&amp#1;&amp#0;	selectAll&amp#1;&amp#0;&amp#18;()Ljava/util/List;&amp#1;&amp#0;	Signature&amp#1;&amp#0;+()Ljava/util/List<Lcom/itheima/pojo/User;>;&amp#1;&amp#0; 
[DEBUG]  &amp#27;[36m[main]&amp#27;[0;39m &amp#27;[1;32mo.a.i.i.DefaultVFS&amp#27;[0;39m - Find JAR URL: file:/Users/fuhong/eclipse-workspace/testMybatis/target/classes/com/itheima/mapper/UserMapper.xml 
[DEBUG]  &amp#27;[36m[main]&amp#27;[0;39m &amp#27;[1;32mo.a.i.i.DefaultVFS&amp#27;[0;39m - Not a JAR: file:/Users/fuhong/eclipse-workspace/testMybatis/target/classes/com/itheima/mapper/UserMapper.xml 
[DEBUG]  &amp#27;[36m[main]&amp#27;[0;39m &amp#27;[1;32mo.a.i.i.DefaultVFS&amp#27;[0;39m - Reader entry: <?xml version="1.0" encoding="UTF-8" ?> 
[DEBUG]  &amp#27;[36m[main]&amp#27;[0;39m &amp#27;[1;32mo.a.i.i.ResolverUtil&amp#27;[0;39m - Checking to see if class com.itheima.mapper.BrandMapper matches criteria [is assignable to Object] 
[DEBUG]  &amp#27;[36m[main]&amp#27;[0;39m &amp#27;[1;32mo.a.i.i.ResolverUtil&amp#27;[0;39m - Checking to see if class com.itheima.mapper.UserMapper matches criteria [is assignable to Object] 
]]></system-out>
  </testcase>
  <testcase name="testSelectById" classname="com.itheima.test.UserMapperTest" time="0.057">
    <error message="&#10;### Error querying database.  Cause: com.mysql.jdbc.exceptions.jdbc4.CommunicationsException: Communications link failure&#10;&#10;The last packet sent successfully to the server was 0 milliseconds ago. The driver has not received any packets from the server.&#10;### The error may exist in com/itheima/mapper/UserMapper.java (best guess)&#10;### The error may involve com.itheima.mapper.UserMapper.selectById&#10;### The error occurred while executing a query&#10;### Cause: com.mysql.jdbc.exceptions.jdbc4.CommunicationsException: Communications link failure&#10;&#10;The last packet sent successfully to the server was 0 milliseconds ago. The driver has not received any packets from the server." type="org.apache.ibatis.exceptions.PersistenceException"><![CDATA[org.apache.ibatis.exceptions.PersistenceException: 

### Error querying database.  Cause: com.mysql.jdbc.exceptions.jdbc4.CommunicationsException: Communications link failure

The last packet sent successfully to the server was 0 milliseconds ago. The driver has not received any packets from the server.
### The error may exist in com/itheima/mapper/UserMapper.java (best guess)
### The error may involve com.itheima.mapper.UserMapper.selectById
### The error occurred while executing a query
### Cause: com.mysql.jdbc.exceptions.jdbc4.CommunicationsException: Communications link failure

The last packet sent successfully to the server was 0 milliseconds ago. The driver has not received any packets from the server.
	at org.apache.ibatis.exceptions.ExceptionFactory.wrapException(ExceptionFactory.java:30)
	at org.apache.ibatis.session.defaults.DefaultSqlSession.selectList(DefaultSqlSession.java:153)
	at org.apache.ibatis.session.defaults.DefaultSqlSession.selectList(DefaultSqlSession.java:145)
	at org.apache.ibatis.session.defaults.DefaultSqlSession.selectList(DefaultSqlSession.java:140)
	at org.apache.ibatis.session.defaults.DefaultSqlSession.selectOne(DefaultSqlSession.java:76)
	at org.apache.ibatis.binding.MapperMethod.execute(MapperMethod.java:87)
	at org.apache.ibatis.binding.MapperProxy$PlainMethodInvoker.invoke(MapperProxy.java:145)
	at org.apache.ibatis.binding.MapperProxy.invoke(MapperProxy.java:86)
	at jdk.proxy2/jdk.proxy2.$Proxy10.selectById(Unknown Source)
	at com.itheima.test.UserMapperTest.testSelectById(UserMapperTest.java:65)
	at java.base/jdk.internal.reflect.NativeMethodAccessorImpl.invoke0(Native Method)
	at java.base/jdk.internal.reflect.NativeMethodAccessorImpl.invoke(NativeMethodAccessorImpl.java:77)
	at java.base/jdk.internal.reflect.DelegatingMethodAccessorImpl.invoke(DelegatingMethodAccessorImpl.java:43)
	at java.base/java.lang.reflect.Method.invoke(Method.java:568)
	at org.junit.runners.model.FrameworkMethod$1.runReflectiveCall(FrameworkMethod.java:59)
	at org.junit.internal.runners.model.ReflectiveCallable.run(ReflectiveCallable.java:12)
	at org.junit.runners.model.FrameworkMethod.invokeExplosively(FrameworkMethod.java:56)
	at org.junit.internal.runners.statements.InvokeMethod.evaluate(InvokeMethod.java:17)
	at org.junit.runners.ParentRunner$3.evaluate(ParentRunner.java:306)
	at org.junit.runners.BlockJUnit4ClassRunner$1.evaluate(BlockJUnit4ClassRunner.java:100)
	at org.junit.runners.ParentRunner.runLeaf(ParentRunner.java:366)
	at org.junit.runners.BlockJUnit4ClassRunner.runChild(BlockJUnit4ClassRunner.java:103)
	at org.junit.runners.BlockJUnit4ClassRunner.runChild(BlockJUnit4ClassRunner.java:63)
	at org.junit.runners.ParentRunner$4.run(ParentRunner.java:331)
	at org.junit.runners.ParentRunner$1.schedule(ParentRunner.java:79)
	at org.junit.runners.ParentRunner.runChildren(ParentRunner.java:329)
	at org.junit.runners.ParentRunner.access$100(ParentRunner.java:66)
	at org.junit.runners.ParentRunner$2.evaluate(ParentRunner.java:293)
	at org.junit.runners.ParentRunner$3.evaluate(ParentRunner.java:306)
	at org.junit.runners.ParentRunner.run(ParentRunner.java:413)
	at org.apache.maven.surefire.junit4.JUnit4Provider.execute(JUnit4Provider.java:316)
	at org.apache.maven.surefire.junit4.JUnit4Provider.executeWithRerun(JUnit4Provider.java:240)
	at org.apache.maven.surefire.junit4.JUnit4Provider.executeTestSet(JUnit4Provider.java:214)
	at org.apache.maven.surefire.junit4.JUnit4Provider.invoke(JUnit4Provider.java:155)
	at org.apache.maven.surefire.booter.ForkedBooter.runSuitesInProcess(ForkedBooter.java:385)
	at org.apache.maven.surefire.booter.ForkedBooter.execute(ForkedBooter.java:162)
	at org.apache.maven.surefire.booter.ForkedBooter.run(ForkedBooter.java:507)
	at org.apache.maven.surefire.booter.ForkedBooter.main(ForkedBooter.java:495)
Caused by: com.mysql.jdbc.exceptions.jdbc4.CommunicationsException: Communications link failure

The last packet sent successfully to the server was 0 milliseconds ago. The driver has not received any packets from the server.
	at java.base/jdk.internal.reflect.NativeConstructorAccessorImpl.newInstance0(Native Method)
	at java.base/jdk.internal.reflect.NativeConstructorAccessorImpl.newInstance(NativeConstructorAccessorImpl.java:77)
	at java.base/jdk.internal.reflect.DelegatingConstructorAccessorImpl.newInstance(DelegatingConstructorAccessorImpl.java:45)
	at java.base/java.lang.reflect.Constructor.newInstanceWithCaller(Constructor.java:499)
	at java.base/java.lang.reflect.Constructor.newInstance(Constructor.java:480)
	at com.mysql.jdbc.Util.handleNewInstance(Util.java:425)
	at com.mysql.jdbc.SQLError.createCommunicationsException(SQLError.java:990)
	at com.mysql.jdbc.MysqlIO.<init>(MysqlIO.java:342)
	at com.mysql.jdbc.ConnectionImpl.coreConnect(ConnectionImpl.java:2188)
	at com.mysql.jdbc.ConnectionImpl.connectOneTryOnly(ConnectionImpl.java:2221)
	at com.mysql.jdbc.ConnectionImpl.createNewIO(ConnectionImpl.java:2016)
	at com.mysql.jdbc.ConnectionImpl.<init>(ConnectionImpl.java:776)
	at com.mysql.jdbc.JDBC4Connection.<init>(JDBC4Connection.java:47)
	at java.base/jdk.internal.reflect.NativeConstructorAccessorImpl.newInstance0(Native Method)
	at java.base/jdk.internal.reflect.NativeConstructorAccessorImpl.newInstance(NativeConstructorAccessorImpl.java:77)
	at java.base/jdk.internal.reflect.DelegatingConstructorAccessorImpl.newInstance(DelegatingConstructorAccessorImpl.java:45)
	at java.base/java.lang.reflect.Constructor.newInstanceWithCaller(Constructor.java:499)
	at java.base/java.lang.reflect.Constructor.newInstance(Constructor.java:480)
	at com.mysql.jdbc.Util.handleNewInstance(Util.java:425)
	at com.mysql.jdbc.ConnectionImpl.getInstance(ConnectionImpl.java:386)
	at com.mysql.jdbc.NonRegisteringDriver.connect(NonRegisteringDriver.java:330)
	at java.sql/java.sql.DriverManager.getConnection(DriverManager.java:681)
	at java.sql/java.sql.DriverManager.getConnection(DriverManager.java:190)
	at org.apache.ibatis.datasource.unpooled.UnpooledDataSource.doGetConnection(UnpooledDataSource.java:224)
	at org.apache.ibatis.datasource.unpooled.UnpooledDataSource.doGetConnection(UnpooledDataSource.java:219)
	at org.apache.ibatis.datasource.unpooled.UnpooledDataSource.getConnection(UnpooledDataSource.java:95)
	at org.apache.ibatis.datasource.pooled.PooledDataSource.popConnection(PooledDataSource.java:446)
	at org.apache.ibatis.datasource.pooled.PooledDataSource.getConnection(PooledDataSource.java:96)
	at org.apache.ibatis.transaction.jdbc.JdbcTransaction.openConnection(JdbcTransaction.java:145)
	at org.apache.ibatis.transaction.jdbc.JdbcTransaction.getConnection(JdbcTransaction.java:67)
	at org.apache.ibatis.executor.BaseExecutor.getConnection(BaseExecutor.java:337)
	at org.apache.ibatis.executor.SimpleExecutor.prepareStatement(SimpleExecutor.java:86)
	at org.apache.ibatis.executor.SimpleExecutor.doQuery(SimpleExecutor.java:62)
	at org.apache.ibatis.executor.BaseExecutor.queryFromDatabase(BaseExecutor.java:325)
	at org.apache.ibatis.executor.BaseExecutor.query(BaseExecutor.java:156)
	at org.apache.ibatis.executor.CachingExecutor.query(CachingExecutor.java:109)
	at org.apache.ibatis.executor.CachingExecutor.query(CachingExecutor.java:89)
	at org.apache.ibatis.session.defaults.DefaultSqlSession.selectList(DefaultSqlSession.java:151)
	... 36 more
Caused by: java.net.ConnectException: Connection refused
	at java.base/sun.nio.ch.Net.connect0(Native Method)
	at java.base/sun.nio.ch.Net.connect(Net.java:579)
	at java.base/sun.nio.ch.Net.connect(Net.java:568)
	at java.base/sun.nio.ch.NioSocketImpl.connect(NioSocketImpl.java:588)
	at java.base/java.net.SocksSocketImpl.connect(SocksSocketImpl.java:327)
	at java.base/java.net.Socket.connect(Socket.java:633)
	at com.mysql.jdbc.StandardSocketFactory.connect(StandardSocketFactory.java:211)
	at com.mysql.jdbc.MysqlIO.<init>(MysqlIO.java:301)
	... 66 more
]]></error>
    <system-out><![CDATA[[DEBUG]  &amp#27;[36m[main]&amp#27;[0;39m &amp#27;[1;32mo.a.i.i.DefaultVFS&amp#27;[0;39m - Find JAR URL: file:/Users/fuhong/eclipse-workspace/testMybatis/target/classes/com/itheima/pojo 
[DEBUG]  &amp#27;[36m[main]&amp#27;[0;39m &amp#27;[1;32mo.a.i.i.DefaultVFS&amp#27;[0;39m - Not a JAR: file:/Users/fuhong/eclipse-workspace/testMybatis/target/classes/com/itheima/pojo 
[DEBUG]  &amp#27;[36m[main]&amp#27;[0;39m &amp#27;[1;32mo.a.i.i.DefaultVFS&amp#27;[0;39m - Reader entry: Brand.class 
[DEBUG]  &amp#27;[36m[main]&amp#27;[0;39m &amp#27;[1;32mo.a.i.i.DefaultVFS&amp#27;[0;39m - Reader entry: User.class 
[DEBUG]  &amp#27;[36m[main]&amp#27;[0;39m &amp#27;[1;32mo.a.i.i.DefaultVFS&amp#27;[0;39m - Listing file:/Users/fuhong/eclipse-workspace/testMybatis/target/classes/com/itheima/pojo 
[DEBUG]  &amp#27;[36m[main]&amp#27;[0;39m &amp#27;[1;32mo.a.i.i.DefaultVFS&amp#27;[0;39m - Find JAR URL: file:/Users/fuhong/eclipse-workspace/testMybatis/target/classes/com/itheima/pojo/Brand.class 
[DEBUG]  &amp#27;[36m[main]&amp#27;[0;39m &amp#27;[1;32mo.a.i.i.DefaultVFS&amp#27;[0;39m - Not a JAR: file:/Users/fuhong/eclipse-workspace/testMybatis/target/classes/com/itheima/pojo/Brand.class 
[DEBUG]  &amp#27;[36m[main]&amp#27;[0;39m &amp#27;[1;32mo.a.i.i.DefaultVFS&amp#27;[0;39m - Reader entry: ����&amp#0;&amp#0;&amp#0;3&amp#0;P 
[DEBUG]  &amp#27;[36m[main]&amp#27;[0;39m &amp#27;[1;32mo.a.i.i.DefaultVFS&amp#27;[0;39m - Find JAR URL: file:/Users/fuhong/eclipse-workspace/testMybatis/target/classes/com/itheima/pojo/User.class 
[DEBUG]  &amp#27;[36m[main]&amp#27;[0;39m &amp#27;[1;32mo.a.i.i.DefaultVFS&amp#27;[0;39m - Not a JAR: file:/Users/fuhong/eclipse-workspace/testMybatis/target/classes/com/itheima/pojo/User.class 
[DEBUG]  &amp#27;[36m[main]&amp#27;[0;39m &amp#27;[1;32mo.a.i.i.DefaultVFS&amp#27;[0;39m - Reader entry: ����&amp#0;&amp#0;&amp#0;3&amp#0;% 
[DEBUG]  &amp#27;[36m[main]&amp#27;[0;39m &amp#27;[1;32mo.a.i.i.ResolverUtil&amp#27;[0;39m - Checking to see if class com.itheima.pojo.Brand matches criteria [is assignable to Object] 
[DEBUG]  &amp#27;[36m[main]&amp#27;[0;39m &amp#27;[1;32mo.a.i.i.ResolverUtil&amp#27;[0;39m - Checking to see if class com.itheima.pojo.User matches criteria [is assignable to Object] 
[DEBUG]  &amp#27;[36m[main]&amp#27;[0;39m &amp#27;[1;32mo.a.i.d.p.PooledDataSource&amp#27;[0;39m - PooledDataSource forcefully closed/removed all connections. 
[DEBUG]  &amp#27;[36m[main]&amp#27;[0;39m &amp#27;[1;32mo.a.i.d.p.PooledDataSource&amp#27;[0;39m - PooledDataSource forcefully closed/removed all connections. 
[DEBUG]  &amp#27;[36m[main]&amp#27;[0;39m &amp#27;[1;32mo.a.i.d.p.PooledDataSource&amp#27;[0;39m - PooledDataSource forcefully closed/removed all connections. 
[DEBUG]  &amp#27;[36m[main]&amp#27;[0;39m &amp#27;[1;32mo.a.i.d.p.PooledDataSource&amp#27;[0;39m - PooledDataSource forcefully closed/removed all connections. 
[DEBUG]  &amp#27;[36m[main]&amp#27;[0;39m &amp#27;[1;32mo.a.i.i.DefaultVFS&amp#27;[0;39m - Find JAR URL: file:/Users/fuhong/eclipse-workspace/testMybatis/target/classes/com/itheima/mapper 
[DEBUG]  &amp#27;[36m[main]&amp#27;[0;39m &amp#27;[1;32mo.a.i.i.DefaultVFS&amp#27;[0;39m - Not a JAR: file:/Users/fuhong/eclipse-workspace/testMybatis/target/classes/com/itheima/mapper 
[DEBUG]  &amp#27;[36m[main]&amp#27;[0;39m &amp#27;[1;32mo.a.i.i.DefaultVFS&amp#27;[0;39m - Reader entry: BrandMapper.class 
[DEBUG]  &amp#27;[36m[main]&amp#27;[0;39m &amp#27;[1;32mo.a.i.i.DefaultVFS&amp#27;[0;39m - Reader entry: BrandMapper.xml 
[DEBUG]  &amp#27;[36m[main]&amp#27;[0;39m &amp#27;[1;32mo.a.i.i.DefaultVFS&amp#27;[0;39m - Reader entry: UserMapper.class 
[DEBUG]  &amp#27;[36m[main]&amp#27;[0;39m &amp#27;[1;32mo.a.i.i.DefaultVFS&amp#27;[0;39m - Reader entry: UserMapper.xml 
[DEBUG]  &amp#27;[36m[main]&amp#27;[0;39m &amp#27;[1;32mo.a.i.i.DefaultVFS&amp#27;[0;39m - Listing file:/Users/fuhong/eclipse-workspace/testMybatis/target/classes/com/itheima/mapper 
[DEBUG]  &amp#27;[36m[main]&amp#27;[0;39m &amp#27;[1;32mo.a.i.i.DefaultVFS&amp#27;[0;39m - Find JAR URL: file:/Users/fuhong/eclipse-workspace/testMybatis/target/classes/com/itheima/mapper/BrandMapper.class 
[DEBUG]  &amp#27;[36m[main]&amp#27;[0;39m &amp#27;[1;32mo.a.i.i.DefaultVFS&amp#27;[0;39m - Not a JAR: file:/Users/fuhong/eclipse-workspace/testMybatis/target/classes/com/itheima/mapper/BrandMapper.class 
[DEBUG]  &amp#27;[36m[main]&amp#27;[0;39m &amp#27;[1;32mo.a.i.i.DefaultVFS&amp#27;[0;39m - Reader entry: ����&amp#0;&amp#0;&amp#0;3&amp#0;&amp#27;&amp#7;&amp#0;&amp#2;&amp#1;&amp#0;&amp#30;com/itheima/mapper/BrandMapper&amp#7;&amp#0;&amp#4;&amp#1;&amp#0;&amp#16;java/lang/Object&amp#1;&amp#0;	selectAll&amp#1;&amp#0;&amp#18;()Ljava/util/List;&amp#1;&amp#0;	Signature&amp#1;&amp#0;,()Ljava/util/List<Lcom/itheima/pojo/Brand;>;&amp#1;&amp#0; 
[DEBUG]  &amp#27;[36m[main]&amp#27;[0;39m &amp#27;[1;32mo.a.i.i.DefaultVFS&amp#27;[0;39m - Find JAR URL: file:/Users/fuhong/eclipse-workspace/testMybatis/target/classes/com/itheima/mapper/BrandMapper.xml 
[DEBUG]  &amp#27;[36m[main]&amp#27;[0;39m &amp#27;[1;32mo.a.i.i.DefaultVFS&amp#27;[0;39m - Not a JAR: file:/Users/fuhong/eclipse-workspace/testMybatis/target/classes/com/itheima/mapper/BrandMapper.xml 
[DEBUG]  &amp#27;[36m[main]&amp#27;[0;39m &amp#27;[1;32mo.a.i.i.DefaultVFS&amp#27;[0;39m - Reader entry: <?xml version="1.0" encoding="UTF-8" ?> 
[DEBUG]  &amp#27;[36m[main]&amp#27;[0;39m &amp#27;[1;32mo.a.i.i.DefaultVFS&amp#27;[0;39m - Find JAR URL: file:/Users/fuhong/eclipse-workspace/testMybatis/target/classes/com/itheima/mapper/UserMapper.class 
[DEBUG]  &amp#27;[36m[main]&amp#27;[0;39m &amp#27;[1;32mo.a.i.i.DefaultVFS&amp#27;[0;39m - Not a JAR: file:/Users/fuhong/eclipse-workspace/testMybatis/target/classes/com/itheima/mapper/UserMapper.class 
[DEBUG]  &amp#27;[36m[main]&amp#27;[0;39m &amp#27;[1;32mo.a.i.i.DefaultVFS&amp#27;[0;39m - Reader entry: ����&amp#0;&amp#0;&amp#0;3&amp#0;&amp#17;&amp#7;&amp#0;&amp#2;&amp#1;&amp#0;&amp#29;com/itheima/mapper/UserMapper&amp#7;&amp#0;&amp#4;&amp#1;&amp#0;&amp#16;java/lang/Object&amp#1;&amp#0;	selectAll&amp#1;&amp#0;&amp#18;()Ljava/util/List;&amp#1;&amp#0;	Signature&amp#1;&amp#0;+()Ljava/util/List<Lcom/itheima/pojo/User;>;&amp#1;&amp#0; 
[DEBUG]  &amp#27;[36m[main]&amp#27;[0;39m &amp#27;[1;32mo.a.i.i.DefaultVFS&amp#27;[0;39m - Find JAR URL: file:/Users/fuhong/eclipse-workspace/testMybatis/target/classes/com/itheima/mapper/UserMapper.xml 
[DEBUG]  &amp#27;[36m[main]&amp#27;[0;39m &amp#27;[1;32mo.a.i.i.DefaultVFS&amp#27;[0;39m - Not a JAR: file:/Users/fuhong/eclipse-workspace/testMybatis/target/classes/com/itheima/mapper/UserMapper.xml 
[DEBUG]  &amp#27;[36m[main]&amp#27;[0;39m &amp#27;[1;32mo.a.i.i.DefaultVFS&amp#27;[0;39m - Reader entry: <?xml version="1.0" encoding="UTF-8" ?> 
[DEBUG]  &amp#27;[36m[main]&amp#27;[0;39m &amp#27;[1;32mo.a.i.i.ResolverUtil&amp#27;[0;39m - Checking to see if class com.itheima.mapper.BrandMapper matches criteria [is assignable to Object] 
[DEBUG]  &amp#27;[36m[main]&amp#27;[0;39m &amp#27;[1;32mo.a.i.i.ResolverUtil&amp#27;[0;39m - Checking to see if class com.itheima.mapper.UserMapper matches criteria [is assignable to Object] 
[DEBUG]  &amp#27;[36m[main]&amp#27;[0;39m &amp#27;[1;32mo.a.i.t.j.JdbcTransaction&amp#27;[0;39m - Opening JDBC Connection 
]]></system-out>
  </testcase>
</testsuite>